Replace Part C7 Cap Semi in C:\Users\uvichybrid\Documents\GitHub\ETBUVICFH_ETB_V2\Candunio.SchDoc with Cap Semi from Candunio.IntLib
Replace Part C8 Cap Semi in C:\Users\uvichybrid\Documents\GitHub\ETBUVICFH_ETB_V2\Candunio.SchDoc with Cap Semi from Candunio.IntLib
Replace Part C9 Cap Semi in C:\Users\uvichybrid\Documents\GitHub\ETBUVICFH_ETB_V2\Candunio.SchDoc with Cap Semi from Candunio.IntLib
Replace Part C10 Cap Semi in C:\Users\uvichybrid\Documents\GitHub\ETBUVICFH_ETB_V2\Candunio.SchDoc with Cap Semi from Candunio.IntLib
Replace Part C11 Cap Semi in C:\Users\uvichybrid\Documents\GitHub\ETBUVICFH_ETB_V2\Candunio.SchDoc with Cap Semi from Candunio.IntLib
Replace Part C12 Cap Semi in C:\Users\uvichybrid\Documents\GitHub\ETBUVICFH_ETB_V2\Candunio.SchDoc with Cap Semi from Candunio.IntLib
Replace Part C14 Cap Semi in C:\Users\uvichybrid\Documents\GitHub\ETBUVICFH_ETB_V2\Candunio.SchDoc with Cap Semi from Candunio.IntLib
Replace Part C15 Cap Semi in C:\Users\uvichybrid\Documents\GitHub\ETBUVICFH_ETB_V2\Candunio.SchDoc with Cap Semi from Candunio.IntLib
Replace Part C16 Cap Semi in C:\Users\uvichybrid\Documents\GitHub\ETBUVICFH_ETB_V2\Candunio.SchDoc with Cap Semi from Candunio.IntLib
Replace Part C17 Cap Semi in C:\Users\uvichybrid\Documents\GitHub\ETBUVICFH_ETB_V2\Candunio.SchDoc with Cap Semi from Candunio.IntLib
Replace Part C18 Cap Semi in C:\Users\uvichybrid\Documents\GitHub\ETBUVICFH_ETB_V2\Candunio.SchDoc with Cap Semi from Candunio.IntLib
Replace Part D1 LED2_2 in C:\Users\uvichybrid\Documents\GitHub\ETBUVICFH_ETB_V2\Candunio.SchDoc with LED2_2 from Candunio.IntLib
Replace Part D2 LED2 in C:\Users\uvichybrid\Documents\GitHub\ETBUVICFH_ETB_V2\Candunio.SchDoc with LED2 from Candunio.IntLib
Replace Part D3 LED2_1 in C:\Users\uvichybrid\Documents\GitHub\ETBUVICFH_ETB_V2\Candunio.SchDoc with LED2_1 from Candunio.IntLib
Replace Part D4 Diode in C:\Users\uvichybrid\Documents\GitHub\ETBUVICFH_ETB_V2\Candunio.SchDoc with Diode from Candunio.IntLib
Replace Part D5 LED2_1 in C:\Users\uvichybrid\Documents\GitHub\ETBUVICFH_ETB_V2\Candunio.SchDoc with LED2_1 from Candunio.IntLib
Replace Part D6 LED2_1 in C:\Users\uvichybrid\Documents\GitHub\ETBUVICFH_ETB_V2\Candunio.SchDoc with LED2_1 from Candunio.IntLib
Replace Part D7 LED2_1 in C:\Users\uvichybrid\Documents\GitHub\ETBUVICFH_ETB_V2\Candunio.SchDoc with LED2_1 from Candunio.IntLib
Replace Part F1 Fuse 2 in C:\Users\uvichybrid\Documents\GitHub\ETBUVICFH_ETB_V2\Candunio.SchDoc with Fuse 2 from Candunio.IntLib
Replace Part P2 Header 3X2A in C:\Users\uvichybrid\Documents\GitHub\ETBUVICFH_ETB_V2\Candunio.SchDoc with Header 3X2A from Candunio.IntLib
Replace Part P3 Header 2 in C:\Users\uvichybrid\Documents\GitHub\ETBUVICFH_ETB_V2\Candunio.SchDoc with Header 2 from Candunio.IntLib
Replace Part P4 USB_MICRO_B in C:\Users\uvichybrid\Documents\GitHub\ETBUVICFH_ETB_V2\Candunio.SchDoc with USB_MICRO_B from 400ETB_SchematicLib.SchLib
Replace Part P5 Header 2 in C:\Users\uvichybrid\Documents\GitHub\ETBUVICFH_ETB_V2\Candunio.SchDoc with Header 2 from Candunio.IntLib
Replace Part R8 Res1 in C:\Users\uvichybrid\Documents\GitHub\ETBUVICFH_ETB_V2\Candunio.SchDoc with Res1 from Candunio.IntLib
Replace Part R9 Res1 in C:\Users\uvichybrid\Documents\GitHub\ETBUVICFH_ETB_V2\Candunio.SchDoc with Res1 from Candunio.IntLib
Replace Part R10 Res1 in C:\Users\uvichybrid\Documents\GitHub\ETBUVICFH_ETB_V2\Candunio.SchDoc with Res1 from Candunio.IntLib
Replace Part R11 Res1 in C:\Users\uvichybrid\Documents\GitHub\ETBUVICFH_ETB_V2\Candunio.SchDoc with Res1 from Candunio.IntLib
Replace Part R12 Res1 in C:\Users\uvichybrid\Documents\GitHub\ETBUVICFH_ETB_V2\Candunio.SchDoc with Res1 from Candunio.IntLib
Replace Part R13 Res1 in C:\Users\uvichybrid\Documents\GitHub\ETBUVICFH_ETB_V2\Candunio.SchDoc with Res1 from Candunio.IntLib
Replace Part R14 Res1 in C:\Users\uvichybrid\Documents\GitHub\ETBUVICFH_ETB_V2\Candunio.SchDoc with Res1 from Candunio.IntLib
Replace Part R15 Res1 in C:\Users\uvichybrid\Documents\GitHub\ETBUVICFH_ETB_V2\Candunio.SchDoc with Res1 from Candunio.IntLib
Replace Part R16 Res1 in C:\Users\uvichybrid\Documents\GitHub\ETBUVICFH_ETB_V2\Candunio.SchDoc with Res1 from Candunio.IntLib
Replace Part R17 Res1 in C:\Users\uvichybrid\Documents\GitHub\ETBUVICFH_ETB_V2\Candunio.SchDoc with Res1 from Candunio.IntLib
Replace Part R18 Res1 in C:\Users\uvichybrid\Documents\GitHub\ETBUVICFH_ETB_V2\Candunio.SchDoc with Res1 from Candunio.IntLib
Replace Part R19 Res1 in C:\Users\uvichybrid\Documents\GitHub\ETBUVICFH_ETB_V2\Candunio.SchDoc with Res1 from Candunio.IntLib
Replace Part S1 SW-PB in C:\Users\uvichybrid\Documents\GitHub\ETBUVICFH_ETB_V2\Candunio.SchDoc with SW-PB from Candunio.IntLib
Replace Part U5 MCP2515-E/ST in C:\Users\uvichybrid\Documents\GitHub\ETBUVICFH_ETB_V2\Candunio.SchDoc with MCP2515-E/ST from Candunio.IntLib
Replace Part U6 ATmega328P-AU in C:\Users\uvichybrid\Documents\GitHub\ETBUVICFH_ETB_V2\Candunio.SchDoc with ATmega328P-AU from Candunio.IntLib
Replace Part U8 MCP2551-E/SN in C:\Users\uvichybrid\Documents\GitHub\ETBUVICFH_ETB_V2\Candunio.SchDoc with MCP2551-E/SN from Candunio.IntLib
Replace Part Y1 CSTCE16M0V53-R0 in C:\Users\uvichybrid\Documents\GitHub\ETBUVICFH_ETB_V2\Candunio.SchDoc with CSTCE16M0V53-R0 from Candunio.IntLib
Replace Part Y2 CSTCE16M0V53-R0 in C:\Users\uvichybrid\Documents\GitHub\ETBUVICFH_ETB_V2\Candunio.SchDoc with CSTCE16M0V53-R0 from Candunio.IntLib
